Running: C:\Xilinx\14.7\ISE_DS\ISE\bin\nt64\unwrapped\fuse.exe -intstyle ise -incremental -o Z:/Desktop/CA/HW3/fp_multi/simulate_isim_beh.exe -prj Z:/Desktop/CA/HW3/fp_multi/simulate_beh.prj work.simulate 
ISim P.20131013 (signature 0x7708f090)
Number of CPUs detected in this system: 2
Turning on mult-threading, number of parallel sub-compilation jobs: 4 
Determining compilation order of HDL files
Parsing VHDL file "Z:/Desktop/CA/HW3/fp_multi/fp_multi.vhd" into library work
Parsing VHDL file "Z:/Desktop/CA/HW3/fp_multi/simulate.vhd" into library work
Starting static elaboration
Completed static elaboration
Compiling package standard
Compiling package std_logic_1164
Compiling package std_logic_arith
Compiling package std_logic_unsigned
Compiling architecture behavioral of entity fp_multi [fp_multi_default]
Compiling architecture behavior of entity simulate
Time Resolution for simulation is 1ps.
Waiting for 2 sub-compilation(s) to finish...
Compiled 7 VHDL Units
Built simulation executable Z:/Desktop/CA/HW3/fp_multi/simulate_isim_beh.exe
Fuse Memory Usage: 33840 KB
Fuse CPU Usage: 405 ms
